12/13/2005 1:37:06 PM	(from: Admin.CommonUse.Skins)	c:\Poker\PokerAdmin\PokerClientFiles\Skin_1\Installer
12/13/2005 1:37:06 PM	(from: Admin.CommonUse.Skins)	CreateInstaller.bat
12/13/2005 1:37:06 PM	(from: Admin.CommonUse.Skins)	Process exit code = 1. Call parameters: c:\Poker\PokerAdmin\PokerClientFiles\Skin_1\Installer\CreateInstaller.bat c:\Poker\PokerAdmin\PokerClientFiles\Skin_1\Installer 1
12/13/2005 1:41:24 PM	(from: Admin.CommonUse.Skins)	c:\Poker\PokerAdmin\PokerClientFiles\Skin_9\Installer
12/13/2005 1:41:24 PM	(from: Admin.CommonUse.Skins)	CreateInstaller.bat
Call|12/13/2005 9:18:20 PM|PokerAdmin.log|DesktopAPIEngine.ApiControl|GetDefaultProperty|Get default property : 2
Call|12/13/2005 9:18:20 PM|PokerAdmin.log|DesktopBaseClasses.BaseMSMQ||<objects><object name="tournament"><getdefprop objtype="2" enginetype="3" guid="08021e77-bd55-4ef7-8eae-c293cb877521"></getdefprop></object></objects>
Rqst|12/13/2005 9:18:20 PM|PokerAdmin.log|DesktopAPIEngine.ApiControl|SendMSMQ|<objects><object name="tournament"><getdefprop objtype="2" enginetype="3" guid="08021e77-bd55-4ef7-8eae-c293cb877521"></getdefprop></object></objects>
Resp|12/13/2005 9:18:20 PM|PokerAdmin.log|DesktopAPIEngine.ApiControl|ReceiveMSMQ|<properties><property name="Tournament Name" type="4" value="" istournament="1"/><property name="Maximum Number of Registered Gamers" type="1" value="0" istournament="1"/><property name="Registration start at" type="7" value="12/13/2005 09:19:20 PM" istournament="1"/><property name="Tournament start at" type="7" value="12/13/2005 09:48:20 PM" istournament="1"/><property name="Category" type="5" value="1" istournament="1"><item id="1" value="Tournament"/>
		<item id="2" value="Sit and Go"/>
	</property><property name="Interval between tournaments(days)" type="1" value="0" istournament="1"/><property name="Duration between registration end and tournament start(min)" type="1" value="1" istournament="1"/><property name="Interval between levels(min)" type="1" value="10" istournament="1"/><property name="Interval between breaks(min)" type="1" value="60" istournament="1"/><property name="Break duration(min)" type="1" value="5" istournament="1"/><property name="Time out for kick off (min)" type="1" value="10" istournament="1"/><property name="Type of tournament" type="5" value="1" istournament="1"><item id="1" value="Regular"/>
		<item id="2" value="Satelitte"/>
		<item id="3" value="Restricted"/>
	</property><property name="Master tournamentID(for satelitte only)" type="1" value="0" istournament="1"/><property name="Password (for restricted only)" type="4" value="" istournament="1"/><property name="BuyIn" type="3" value="20" istournament="1"/><property name="Fee" type="3" value="2" istournament="1"/><property name="Rebuy is allowed" type="6" value="false" istournament="1"/><property name="Add-On is allowed" type="6" value="false" istournament="1"/><property name="Maximum count of rebuy (0 - not limited)" type="1" value="3" istournament="1"/><property name="Amount of chips for participant" type="3" value="1000" istournament="1"/><property name="Currency type" type="5" value="2" istournament="1"><item id="1" value="Play Money"/>
		<item id="2" value="Dollars"/>
		<item id="3" value="Bonus"/>
	</property><property name="Poker Type" type="5" value="1"><item id="1" value="Hold'em"/><item id="2" value="Omaha"/><item id="3" value="Omaha Hi\Lo"/><item id="4" value="7 Stud"/><item id="5" value="7 Stud Hi\Lo"/></property>
	<property name="Tournament Type" type="5" value="0"><item id="0" value="No Tournament"/><item id="1" value="Single Table"/><item id="2" value="Multi Table"/></property>
	<property name="Maximum Chairs Count" type="1" value="8"/>
	<property name="Minimum Gamers To Start Hand" type="1" value="2"/>
	<property name="Type of Stakes" type="5" value="1"><item id="1" value="Fixed Limit"/><item id="2" value="Pot Limit"/><item id="3" value="No Limit"/></property>
	<property name="Name statistic of &quot;Stakes&quot;" type="4" value="Play"/>
	<property name="Lower Limit Of The Stakes" type="2" value="2"/>
	<property name="Use Gamer Amount Constraint (Pot/No Limit)" type="2" value="true"/>
	<property name="Minimum Gamer Amount" type="2" value="10"/>
	<property name="Maximum Gamer Amount" type="2" value="1000"/>
	<property name="Default Gamer Amount" type="2" value="100"/>
	<property name="Use All-Ins" type="6" value="true"/>
	<property name="Buy-In (single table tournament only)" type="2" value="5"/>
	<property name="Fee (single table tournament only)" type="2" value="1"/>
	<property name="Chips (single table tournament only)" type="1" value="800"/>
	<property name="Use Base Prizes (single table tournament only)" type="6" value="true"/>
	<property name="Type of Base Prizes Payment (single table tournament only)" type="5" value="0"><item id="0" value="Percent"/><item id="1" value="Fixed Value"/></property>
	<property name="1st Place of Base Prize (single table tournament only)" type="2" value="50"/>
	<property name="2nd Place of Base Prize (single table tournament only)" type="2" value="30"/>
	<property name="3rd Place of Base Prize (single table tournament only)" type="2" value="20"/>
	<property name="Use Bonus Prizes (single table tournament only)" type="6" value="false"/>
	<property name="Type of Bonus Prizes Payment (single table tournament only)" type="5" value="1"><item id="0" value="Percent"/><item id="1" value="Fixed Value"/></property>
	<property name="1st Place of Bonus Prize (single table tournament only)" type="2" value="50"/>
	<property name="2nd Place of Bonus Prize (single table tournament only)" type="2" value="30"/>
	<property name="3rd Place of Bonus Prize (single table tournament only)" type="2" value="20"/>
</properties>
Call|12/13/2005 9:18:58 PM|PokerAdmin.log|DesktopAPIEngine.ApiControl|GetDefaultProperty|Get default property : 2
Call|12/13/2005 9:18:58 PM|PokerAdmin.log|DesktopBaseClasses.BaseMSMQ||<objects><object name="tournament"><getdefprop objtype="2" enginetype="3" guid="e2f8a532-b3ef-4b28-b4ff-0c804d1db981"></getdefprop></object></objects>
Rqst|12/13/2005 9:18:58 PM|PokerAdmin.log|DesktopAPIEngine.ApiControl|SendMSMQ|<objects><object name="tournament"><getdefprop objtype="2" enginetype="3" guid="e2f8a532-b3ef-4b28-b4ff-0c804d1db981"></getdefprop></object></objects>
Resp|12/13/2005 9:18:58 PM|PokerAdmin.log|DesktopAPIEngine.ApiControl|ReceiveMSMQ|<properties><property name="Tournament Name" type="4" value="" istournament="1"/><property name="Maximum Number of Registered Gamers" type="1" value="0" istournament="1"/><property name="Registration start at" type="7" value="12/13/2005 09:19:58 PM" istournament="1"/><property name="Tournament start at" type="7" value="12/13/2005 09:48:58 PM" istournament="1"/><property name="Category" type="5" value="1" istournament="1"><item id="1" value="Tournament"/>
		<item id="2" value="Sit and Go"/>
	</property><property name="Interval between tournaments(days)" type="1" value="0" istournament="1"/><property name="Duration between registration end and tournament start(min)" type="1" value="1" istournament="1"/><property name="Interval between levels(min)" type="1" value="10" istournament="1"/><property name="Interval between breaks(min)" type="1" value="60" istournament="1"/><property name="Break duration(min)" type="1" value="5" istournament="1"/><property name="Time out for kick off (min)" type="1" value="10" istournament="1"/><property name="Type of tournament" type="5" value="1" istournament="1"><item id="1" value="Regular"/>
		<item id="2" value="Satelitte"/>
		<item id="3" value="Restricted"/>
	</property><property name="Master tournamentID(for satelitte only)" type="1" value="0" istournament="1"/><property name="Password (for restricted only)" type="4" value="" istournament="1"/><property name="BuyIn" type="3" value="20" istournament="1"/><property name="Fee" type="3" value="2" istournament="1"/><property name="Rebuy is allowed" type="6" value="false" istournament="1"/><property name="Add-On is allowed" type="6" value="false" istournament="1"/><property name="Maximum count of rebuy (0 - not limited)" type="1" value="3" istournament="1"/><property name="Amount of chips for participant" type="3" value="1000" istournament="1"/><property name="Currency type" type="5" value="2" istournament="1"><item id="1" value="Play Money"/>
		<item id="2" value="Dollars"/>
		<item id="3" value="Bonus"/>
	</property><property name="Poker Type" type="5" value="1"><item id="1" value="Hold'em"/><item id="2" value="Omaha"/><item id="3" value="Omaha Hi\Lo"/><item id="4" value="7 Stud"/><item id="5" value="7 Stud Hi\Lo"/></property>
	<property name="Tournament Type" type="5" value="0"><item id="0" value="No Tournament"/><item id="1" value="Single Table"/><item id="2" value="Multi Table"/></property>
	<property name="Maximum Chairs Count" type="1" value="8"/>
	<property name="Minimum Gamers To Start Hand" type="1" value="2"/>
	<property name="Type of Stakes" type="5" value="1"><item id="1" value="Fixed Limit"/><item id="2" value="Pot Limit"/><item id="3" value="No Limit"/></property>
	<property name="Name statistic of &quot;Stakes&quot;" type="4" value="Play"/>
	<property name="Lower Limit Of The Stakes" type="2" value="2"/>
	<property name="Use Gamer Amount Constraint (Pot/No Limit)" type="2" value="true"/>
	<property name="Minimum Gamer Amount" type="2" value="10"/>
	<property name="Maximum Gamer Amount" type="2" value="1000"/>
	<property name="Default Gamer Amount" type="2" value="100"/>
	<property name="Use All-Ins" type="6" value="true"/>
	<property name="Buy-In (single table tournament only)" type="2" value="5"/>
	<property name="Fee (single table tournament only)" type="2" value="1"/>
	<property name="Chips (single table tournament only)" type="1" value="800"/>
	<property name="Use Base Prizes (single table tournament only)" type="6" value="true"/>
	<property name="Type of Base Prizes Payment (single table tournament only)" type="5" value="0"><item id="0" value="Percent"/><item id="1" value="Fixed Value"/></property>
	<property name="1st Place of Base Prize (single table tournament only)" type="2" value="50"/>
	<property name="2nd Place of Base Prize (single table tournament only)" type="2" value="30"/>
	<property name="3rd Place of Base Prize (single table tournament only)" type="2" value="20"/>
	<property name="Use Bonus Prizes (single table tournament only)" type="6" value="false"/>
	<property name="Type of Bonus Prizes Payment (single table tournament only)" type="5" value="1"><item id="0" value="Percent"/><item id="1" value="Fixed Value"/></property>
	<property name="1st Place of Bonus Prize (single table tournament only)" type="2" value="50"/>
	<property name="2nd Place of Bonus Prize (single table tournament only)" type="2" value="30"/>
	<property name="3rd Place of Bonus Prize (single table tournament only)" type="2" value="20"/>
</properties>
Call|12/13/2005 9:18:58 PM|PokerAdmin.log|DesktopAPIEngine.ApiControl|InitGameProcess|Init Game Process : 2; ProcessID=0
Call|12/13/2005 9:18:58 PM|PokerAdmin.log|DesktopBaseClasses.BaseMSMQ||<objects><object name="tournament"><setdefprop objtype="2" enginetype="3" processid="0" guid="fd26344a-8817-4f6e-b444-59682b3e1429" actiondispatcherid="1"> <properties><property name="Tournament Name" type="4" value="Test Tourney" istournament="1" /><property name="Maximum Number of Registered Gamers" type="1" value="0" istournament="1" /><property name="Registration start at" type="7" value="12/13/2005 09:19:20 PM" istournament="1" /><property name="Tournament start at" type="7" value="12/16/2005 09:48:20 PM" istournament="1" /><property name="Category" type="5" value="1" istournament="1"><item id="1" value="Tournament" /><item id="2" value="Sit and Go" /></property><property name="Interval between tournaments(days)" type="1" value="0" istournament="1" /><property name="Duration between registration end and tournament start(min)" type="1" value="1" istournament="1" /><property name="Interval between levels(min)" type="1" value="10" istournament="1" /><property name="Interval between breaks(min)" type="1" value="60" istournament="1" /><property name="Break duration(min)" type="1" value="5" istournament="1" /><property name="Time out for kick off (min)" type="1" value="10" istournament="1" /><property name="Type of tournament" type="5" value="1" istournament="1"><item id="1" value="Regular" /><item id="2" value="Satelitte" /><item id="3" value="Restricted" /></property><property name="Master tournamentID(for satelitte only)" type="1" value="0" istournament="1" /><property name="Password (for restricted only)" type="4" value="" istournament="1" /><property name="BuyIn" type="3" value="20" istournament="1" /><property name="Fee" type="3" value="2" istournament="1" /><property name="Rebuy is allowed" type="6" value="false" istournament="1" /><property name="Add-On is allowed" type="6" value="false" istournament="1" /><property name="Maximum count of rebuy (0 - not limited)" type="1" value="3" istournament="1" /><property name="Amount of chips for participant" type="3" value="1000" istournament="1" /><property name="Currency type" type="5" value="1" istournament="1"><item id="1" value="Play Money" /><item id="2" value="Dollars" /><item id="3" value="Bonus" /></property><property name="Poker Type" type="5" value="1"><item id="1" value="Hold'em" /><item id="2" value="Omaha" /><item id="3" value="Omaha Hi\Lo" /><item id="4" value="7 Stud" /><item id="5" value="7 Stud Hi\Lo" /></property><property name="Tournament Type" type="5" value="2"><item id="0" value="No Tournament" /><item id="1" value="Single Table" /><item id="2" value="Multi Table" /></property><property name="Maximum Chairs Count" type="1" value="8" /><property name="Minimum Gamers To Start Hand" type="1" value="2" /><property name="Type of Stakes" type="5" value="1"><item id="1" value="Fixed Limit" /><item id="2" value="Pot Limit" /><item id="3" value="No Limit" /></property><property name="Name statistic of &quot;Stakes&quot;" type="4" value="Play" /><property name="Lower Limit Of The Stakes" type="2" value="2" /><property name="Use Gamer Amount Constraint (Pot/No Limit)" type="2" value="true" /><property name="Minimum Gamer Amount" type="2" value="10" /><property name="Maximum Gamer Amount" type="2" value="1000" /><property name="Default Gamer Amount" type="2" value="100" /><property name="Use All-Ins" type="6" value="true" /><property name="Buy-In (single table tournament only)" type="2" value="5" /><property name="Fee (single table tournament only)" type="2" value="1" /><property name="Chips (single table tournament only)" type="1" value="800" /><property name="Use Base Prizes (single table tournament only)" type="6" value="true" /><property name="Type of Base Prizes Payment (single table tournament only)" type="5" value="0"><item id="0" value="Percent" /><item id="1" value="Fixed Value" /></property><property name="1st Place of Base Prize (single table tournament only)" type="2" value="50" /><property name="2nd Place of Base Prize (single table tournament only)" type="2" value="30" /><property name="3rd Place of Base Prize (single table tournament only)" type="2" value="20" /><property name="Use Bonus Prizes (single table tournament only)" type="6" value="false" /><property name="Type of Bonus Prizes Payment (single table tournament only)" type="5" value="0"><item id="0" value="Percent" /><item id="1" value="Fixed Value" /></property><property name="1st Place of Bonus Prize (single table tournament only)" type="2" value="50" /><property name="2nd Place of Bonus Prize (single table tournament only)" type="2" value="30" /><property name="3rd Place of Bonus Prize (single table tournament only)" type="2" value="20" /></properties></setdefprop></object></objects>
Rqst|12/13/2005 9:18:58 PM|PokerAdmin.log|DesktopAPIEngine.ApiControl|SendMSMQ|<objects><object name="tournament"><setdefprop objtype="2" enginetype="3" processid="0" guid="fd26344a-8817-4f6e-b444-59682b3e1429" actiondispatcherid="1"> <properties><property name="Tournament Name" type="4" value="Test Tourney" istournament="1" /><property name="Maximum Number of Registered Gamers" type="1" value="0" istournament="1" /><property name="Registration start at" type="7" value="12/13/2005 09:19:20 PM" istournament="1" /><property name="Tournament start at" type="7" value="12/16/2005 09:48:20 PM" istournament="1" /><property name="Category" type="5" value="1" istournament="1"><item id="1" value="Tournament" /><item id="2" value="Sit and Go" /></property><property name="Interval between tournaments(days)" type="1" value="0" istournament="1" /><property name="Duration between registration end and tournament start(min)" type="1" value="1" istournament="1" /><property name="Interval between levels(min)" type="1" value="10" istournament="1" /><property name="Interval between breaks(min)" type="1" value="60" istournament="1" /><property name="Break duration(min)" type="1" value="5" istournament="1" /><property name="Time out for kick off (min)" type="1" value="10" istournament="1" /><property name="Type of tournament" type="5" value="1" istournament="1"><item id="1" value="Regular" /><item id="2" value="Satelitte" /><item id="3" value="Restricted" /></property><property name="Master tournamentID(for satelitte only)" type="1" value="0" istournament="1" /><property name="Password (for restricted only)" type="4" value="" istournament="1" /><property name="BuyIn" type="3" value="20" istournament="1" /><property name="Fee" type="3" value="2" istournament="1" /><property name="Rebuy is allowed" type="6" value="false" istournament="1" /><property name="Add-On is allowed" type="6" value="false" istournament="1" /><property name="Maximum count of rebuy (0 - not limited)" type="1" value="3" istournament="1" /><property name="Amount of chips for participant" type="3" value="1000" istournament="1" /><property name="Currency type" type="5" value="1" istournament="1"><item id="1" value="Play Money" /><item id="2" value="Dollars" /><item id="3" value="Bonus" /></property><property name="Poker Type" type="5" value="1"><item id="1" value="Hold'em" /><item id="2" value="Omaha" /><item id="3" value="Omaha Hi\Lo" /><item id="4" value="7 Stud" /><item id="5" value="7 Stud Hi\Lo" /></property><property name="Tournament Type" type="5" value="2"><item id="0" value="No Tournament" /><item id="1" value="Single Table" /><item id="2" value="Multi Table" /></property><property name="Maximum Chairs Count" type="1" value="8" /><property name="Minimum Gamers To Start Hand" type="1" value="2" /><property name="Type of Stakes" type="5" value="1"><item id="1" value="Fixed Limit" /><item id="2" value="Pot Limit" /><item id="3" value="No Limit" /></property><property name="Name statistic of &quot;Stakes&quot;" type="4" value="Play" /><property name="Lower Limit Of The Stakes" type="2" value="2" /><property name="Use Gamer Amount Constraint (Pot/No Limit)" type="2" value="true" /><property name="Minimum Gamer Amount" type="2" value="10" /><property name="Maximum Gamer Amount" type="2" value="1000" /><property name="Default Gamer Amount" type="2" value="100" /><property name="Use All-Ins" type="6" value="true" /><property name="Buy-In (single table tournament only)" type="2" value="5" /><property name="Fee (single table tournament only)" type="2" value="1" /><property name="Chips (single table tournament only)" type="1" value="800" /><property name="Use Base Prizes (single table tournament only)" type="6" value="true" /><property name="Type of Base Prizes Payment (single table tournament only)" type="5" value="0"><item id="0" value="Percent" /><item id="1" value="Fixed Value" /></property><property name="1st Place of Base Prize (single table tournament only)" type="2" value="50" /><property name="2nd Place of Base Prize (single table tournament only)" type="2" value="30" /><property name="3rd Place of Base Prize (single table tournament only)" type="2" value="20" /><property name="Use Bonus Prizes (single table tournament only)" type="6" value="false" /><property name="Type of Bonus Prizes Payment (single table tournament only)" type="5" value="0"><item id="0" value="Percent" /><item id="1" value="Fixed Value" /></property><property name="1st Place of Bonus Prize (single table tournament only)" type="2" value="50" /><property name="2nd Place of Bonus Prize (single table tournament only)" type="2" value="30" /><property name="3rd Place of Bonus Prize (single table tournament only)" type="2" value="20" /></properties></setdefprop></object></objects>
Resp|12/13/2005 9:18:59 PM|PokerAdmin.log|DesktopAPIEngine.ApiControl|ReceiveMSMQ|<setdefprop result="0" id="103"/>
Call|12/13/2005 9:19:35 PM|PokerAdmin.log|DesktopAPIEngine.ApiControl|GetDefaultProperty|Get default property : 2
Call|12/13/2005 9:19:35 PM|PokerAdmin.log|DesktopBaseClasses.BaseMSMQ||<objects><object name="tournament"><getdefprop objtype="2" enginetype="3" guid="f27f6cc9-de94-4694-a51c-15e2bd945f64"></getdefprop></object></objects>
Rqst|12/13/2005 9:19:35 PM|PokerAdmin.log|DesktopAPIEngine.ApiControl|SendMSMQ|<objects><object name="tournament"><getdefprop objtype="2" enginetype="3" guid="f27f6cc9-de94-4694-a51c-15e2bd945f64"></getdefprop></object></objects>
Resp|12/13/2005 9:19:35 PM|PokerAdmin.log|DesktopAPIEngine.ApiControl|ReceiveMSMQ|<properties><property name="Tournament Name" type="4" value="" istournament="1"/><property name="Maximum Number of Registered Gamers" type="1" value="0" istournament="1"/><property name="Registration start at" type="7" value="12/13/2005 09:20:35 PM" istournament="1"/><property name="Tournament start at" type="7" value="12/13/2005 09:49:35 PM" istournament="1"/><property name="Category" type="5" value="1" istournament="1"><item id="1" value="Tournament"/>
		<item id="2" value="Sit and Go"/>
	</property><property name="Interval between tournaments(days)" type="1" value="0" istournament="1"/><property name="Duration between registration end and tournament start(min)" type="1" value="1" istournament="1"/><property name="Interval between levels(min)" type="1" value="10" istournament="1"/><property name="Interval between breaks(min)" type="1" value="60" istournament="1"/><property name="Break duration(min)" type="1" value="5" istournament="1"/><property name="Time out for kick off (min)" type="1" value="10" istournament="1"/><property name="Type of tournament" type="5" value="1" istournament="1"><item id="1" value="Regular"/>
		<item id="2" value="Satelitte"/>
		<item id="3" value="Restricted"/>
	</property><property name="Master tournamentID(for satelitte only)" type="1" value="0" istournament="1"/><property name="Password (for restricted only)" type="4" value="" istournament="1"/><property name="BuyIn" type="3" value="20" istournament="1"/><property name="Fee" type="3" value="2" istournament="1"/><property name="Rebuy is allowed" type="6" value="false" istournament="1"/><property name="Add-On is allowed" type="6" value="false" istournament="1"/><property name="Maximum count of rebuy (0 - not limited)" type="1" value="3" istournament="1"/><property name="Amount of chips for participant" type="3" value="1000" istournament="1"/><property name="Currency type" type="5" value="2" istournament="1"><item id="1" value="Play Money"/>
		<item id="2" value="Dollars"/>
		<item id="3" value="Bonus"/>
	</property><property name="Poker Type" type="5" value="1"><item id="1" value="Hold'em"/><item id="2" value="Omaha"/><item id="3" value="Omaha Hi\Lo"/><item id="4" value="7 Stud"/><item id="5" value="7 Stud Hi\Lo"/></property>
	<property name="Tournament Type" type="5" value="0"><item id="0" value="No Tournament"/><item id="1" value="Single Table"/><item id="2" value="Multi Table"/></property>
	<property name="Maximum Chairs Count" type="1" value="8"/>
	<property name="Minimum Gamers To Start Hand" type="1" value="2"/>
	<property name="Type of Stakes" type="5" value="1"><item id="1" value="Fixed Limit"/><item id="2" value="Pot Limit"/><item id="3" value="No Limit"/></property>
	<property name="Name statistic of &quot;Stakes&quot;" type="4" value="Play"/>
	<property name="Lower Limit Of The Stakes" type="2" value="2"/>
	<property name="Use Gamer Amount Constraint (Pot/No Limit)" type="2" value="true"/>
	<property name="Minimum Gamer Amount" type="2" value="10"/>
	<property name="Maximum Gamer Amount" type="2" value="1000"/>
	<property name="Default Gamer Amount" type="2" value="100"/>
	<property name="Use All-Ins" type="6" value="true"/>
	<property name="Buy-In (single table tournament only)" type="2" value="5"/>
	<property name="Fee (single table tournament only)" type="2" value="1"/>
	<property name="Chips (single table tournament only)" type="1" value="800"/>
	<property name="Use Base Prizes (single table tournament only)" type="6" value="true"/>
	<property name="Type of Base Prizes Payment (single table tournament only)" type="5" value="0"><item id="0" value="Percent"/><item id="1" value="Fixed Value"/></property>
	<property name="1st Place of Base Prize (single table tournament only)" type="2" value="50"/>
	<property name="2nd Place of Base Prize (single table tournament only)" type="2" value="30"/>
	<property name="3rd Place of Base Prize (single table tournament only)" type="2" value="20"/>
	<property name="Use Bonus Prizes (single table tournament only)" type="6" value="false"/>
	<property name="Type of Bonus Prizes Payment (single table tournament only)" type="5" value="1"><item id="0" value="Percent"/><item id="1" value="Fixed Value"/></property>
	<property name="1st Place of Bonus Prize (single table tournament only)" type="2" value="50"/>
	<property name="2nd Place of Bonus Prize (single table tournament only)" type="2" value="30"/>
	<property name="3rd Place of Bonus Prize (single table tournament only)" type="2" value="20"/>
</properties>
Call|12/13/2005 9:20:17 PM|PokerAdmin.log|DesktopAPIEngine.ApiControl|GetDefaultProperty|Get default property : 2
Call|12/13/2005 9:20:17 PM|PokerAdmin.log|DesktopBaseClasses.BaseMSMQ||<objects><object name="tournament"><getdefprop objtype="2" enginetype="3" guid="85410f8e-db04-4710-9fc6-c19fd1019d35"></getdefprop></object></objects>
Rqst|12/13/2005 9:20:17 PM|PokerAdmin.log|DesktopAPIEngine.ApiControl|SendMSMQ|<objects><object name="tournament"><getdefprop objtype="2" enginetype="3" guid="85410f8e-db04-4710-9fc6-c19fd1019d35"></getdefprop></object></objects>
Resp|12/13/2005 9:20:17 PM|PokerAdmin.log|DesktopAPIEngine.ApiControl|ReceiveMSMQ|<properties><property name="Tournament Name" type="4" value="" istournament="1"/><property name="Maximum Number of Registered Gamers" type="1" value="0" istournament="1"/><property name="Registration start at" type="7" value="12/13/2005 09:21:17 PM" istournament="1"/><property name="Tournament start at" type="7" value="12/13/2005 09:50:17 PM" istournament="1"/><property name="Category" type="5" value="1" istournament="1"><item id="1" value="Tournament"/>
		<item id="2" value="Sit and Go"/>
	</property><property name="Interval between tournaments(days)" type="1" value="0" istournament="1"/><property name="Duration between registration end and tournament start(min)" type="1" value="1" istournament="1"/><property name="Interval between levels(min)" type="1" value="10" istournament="1"/><property name="Interval between breaks(min)" type="1" value="60" istournament="1"/><property name="Break duration(min)" type="1" value="5" istournament="1"/><property name="Time out for kick off (min)" type="1" value="10" istournament="1"/><property name="Type of tournament" type="5" value="1" istournament="1"><item id="1" value="Regular"/>
		<item id="2" value="Satelitte"/>
		<item id="3" value="Restricted"/>
	</property><property name="Master tournamentID(for satelitte only)" type="1" value="0" istournament="1"/><property name="Password (for restricted only)" type="4" value="" istournament="1"/><property name="BuyIn" type="3" value="20" istournament="1"/><property name="Fee" type="3" value="2" istournament="1"/><property name="Rebuy is allowed" type="6" value="false" istournament="1"/><property name="Add-On is allowed" type="6" value="false" istournament="1"/><property name="Maximum count of rebuy (0 - not limited)" type="1" value="3" istournament="1"/><property name="Amount of chips for participant" type="3" value="1000" istournament="1"/><property name="Currency type" type="5" value="2" istournament="1"><item id="1" value="Play Money"/>
		<item id="2" value="Dollars"/>
		<item id="3" value="Bonus"/>
	</property><property name="Poker Type" type="5" value="1"><item id="1" value="Hold'em"/><item id="2" value="Omaha"/><item id="3" value="Omaha Hi\Lo"/><item id="4" value="7 Stud"/><item id="5" value="7 Stud Hi\Lo"/></property>
	<property name="Tournament Type" type="5" value="0"><item id="0" value="No Tournament"/><item id="1" value="Single Table"/><item id="2" value="Multi Table"/></property>
	<property name="Maximum Chairs Count" type="1" value="8"/>
	<property name="Minimum Gamers To Start Hand" type="1" value="2"/>
	<property name="Type of Stakes" type="5" value="1"><item id="1" value="Fixed Limit"/><item id="2" value="Pot Limit"/><item id="3" value="No Limit"/></property>
	<property name="Name statistic of &quot;Stakes&quot;" type="4" value="Play"/>
	<property name="Lower Limit Of The Stakes" type="2" value="2"/>
	<property name="Use Gamer Amount Constraint (Pot/No Limit)" type="2" value="true"/>
	<property name="Minimum Gamer Amount" type="2" value="10"/>
	<property name="Maximum Gamer Amount" type="2" value="1000"/>
	<property name="Default Gamer Amount" type="2" value="100"/>
	<property name="Use All-Ins" type="6" value="true"/>
	<property name="Buy-In (single table tournament only)" type="2" value="5"/>
	<property name="Fee (single table tournament only)" type="2" value="1"/>
	<property name="Chips (single table tournament only)" type="1" value="800"/>
	<property name="Use Base Prizes (single table tournament only)" type="6" value="true"/>
	<property name="Type of Base Prizes Payment (single table tournament only)" type="5" value="0"><item id="0" value="Percent"/><item id="1" value="Fixed Value"/></property>
	<property name="1st Place of Base Prize (single table tournament only)" type="2" value="50"/>
	<property name="2nd Place of Base Prize (single table tournament only)" type="2" value="30"/>
	<property name="3rd Place of Base Prize (single table tournament only)" type="2" value="20"/>
	<property name="Use Bonus Prizes (single table tournament only)" type="6" value="false"/>
	<property name="Type of Bonus Prizes Payment (single table tournament only)" type="5" value="1"><item id="0" value="Percent"/><item id="1" value="Fixed Value"/></property>
	<property name="1st Place of Bonus Prize (single table tournament only)" type="2" value="50"/>
	<property name="2nd Place of Bonus Prize (single table tournament only)" type="2" value="30"/>
	<property name="3rd Place of Bonus Prize (single table tournament only)" type="2" value="20"/>
</properties>
Call|12/13/2005 9:20:17 PM|PokerAdmin.log|DesktopAPIEngine.ApiControl|InitGameProcess|Init Game Process : 2; ProcessID=0
Call|12/13/2005 9:20:17 PM|PokerAdmin.log|DesktopBaseClasses.BaseMSMQ||<objects><object name="tournament"><setdefprop objtype="2" enginetype="3" processid="0" guid="54ea9f72-b1b0-4305-9434-b2620cca8f83" actiondispatcherid="1"> <properties><property name="Tournament Name" type="4" value="Test Tourney 2" istournament="1" /><property name="Maximum Number of Registered Gamers" type="1" value="0" istournament="1" /><property name="Registration start at" type="7" value="12/13/2005 09:20:35 PM" istournament="1" /><property name="Tournament start at" type="7" value="12/16/2005 09:49:35 PM" istournament="1" /><property name="Category" type="5" value="1" istournament="1"><item id="1" value="Tournament" /><item id="2" value="Sit and Go" /></property><property name="Interval between tournaments(days)" type="1" value="0" istournament="1" /><property name="Duration between registration end and tournament start(min)" type="1" value="1" istournament="1" /><property name="Interval between levels(min)" type="1" value="10" istournament="1" /><property name="Interval between breaks(min)" type="1" value="60" istournament="1" /><property name="Break duration(min)" type="1" value="5" istournament="1" /><property name="Time out for kick off (min)" type="1" value="10" istournament="1" /><property name="Type of tournament" type="5" value="1" istournament="1"><item id="1" value="Regular" /><item id="2" value="Satelitte" /><item id="3" value="Restricted" /></property><property name="Master tournamentID(for satelitte only)" type="1" value="0" istournament="1" /><property name="Password (for restricted only)" type="4" value="" istournament="1" /><property name="BuyIn" type="3" value="20" istournament="1" /><property name="Fee" type="3" value="2" istournament="1" /><property name="Rebuy is allowed" type="6" value="false" istournament="1" /><property name="Add-On is allowed" type="6" value="false" istournament="1" /><property name="Maximum count of rebuy (0 - not limited)" type="1" value="3" istournament="1" /><property name="Amount of chips for participant" type="3" value="1000" istournament="1" /><property name="Currency type" type="5" value="1" istournament="1"><item id="1" value="Play Money" /><item id="2" value="Dollars" /><item id="3" value="Bonus" /></property><property name="Poker Type" type="5" value="1"><item id="1" value="Hold'em" /><item id="2" value="Omaha" /><item id="3" value="Omaha Hi\Lo" /><item id="4" value="7 Stud" /><item id="5" value="7 Stud Hi\Lo" /></property><property name="Tournament Type" type="5" value="2"><item id="0" value="No Tournament" /><item id="1" value="Single Table" /><item id="2" value="Multi Table" /></property><property name="Maximum Chairs Count" type="1" value="8" /><property name="Minimum Gamers To Start Hand" type="1" value="2" /><property name="Type of Stakes" type="5" value="3"><item id="1" value="Fixed Limit" /><item id="2" value="Pot Limit" /><item id="3" value="No Limit" /></property><property name="Name statistic of &quot;Stakes&quot;" type="4" value="Play" /><property name="Lower Limit Of The Stakes" type="2" value="2" /><property name="Use Gamer Amount Constraint (Pot/No Limit)" type="2" value="true" /><property name="Minimum Gamer Amount" type="2" value="10" /><property name="Maximum Gamer Amount" type="2" value="1000" /><property name="Default Gamer Amount" type="2" value="100" /><property name="Use All-Ins" type="6" value="true" /><property name="Buy-In (single table tournament only)" type="2" value="5" /><property name="Fee (single table tournament only)" type="2" value="1" /><property name="Chips (single table tournament only)" type="1" value="800" /><property name="Use Base Prizes (single table tournament only)" type="6" value="true" /><property name="Type of Base Prizes Payment (single table tournament only)" type="5" value="0"><item id="0" value="Percent" /><item id="1" value="Fixed Value" /></property><property name="1st Place of Base Prize (single table tournament only)" type="2" value="50" /><property name="2nd Place of Base Prize (single table tournament only)" type="2" value="30" /><property name="3rd Place of Base Prize (single table tournament only)" type="2" value="20" /><property name="Use Bonus Prizes (single table tournament only)" type="6" value="false" /><property name="Type of Bonus Prizes Payment (single table tournament only)" type="5" value="0"><item id="0" value="Percent" /><item id="1" value="Fixed Value" /></property><property name="1st Place of Bonus Prize (single table tournament only)" type="2" value="50" /><property name="2nd Place of Bonus Prize (single table tournament only)" type="2" value="30" /><property name="3rd Place of Bonus Prize (single table tournament only)" type="2" value="20" /></properties></setdefprop></object></objects>
Rqst|12/13/2005 9:20:17 PM|PokerAdmin.log|DesktopAPIEngine.ApiControl|SendMSMQ|<objects><object name="tournament"><setdefprop objtype="2" enginetype="3" processid="0" guid="54ea9f72-b1b0-4305-9434-b2620cca8f83" actiondispatcherid="1"> <properties><property name="Tournament Name" type="4" value="Test Tourney 2" istournament="1" /><property name="Maximum Number of Registered Gamers" type="1" value="0" istournament="1" /><property name="Registration start at" type="7" value="12/13/2005 09:20:35 PM" istournament="1" /><property name="Tournament start at" type="7" value="12/16/2005 09:49:35 PM" istournament="1" /><property name="Category" type="5" value="1" istournament="1"><item id="1" value="Tournament" /><item id="2" value="Sit and Go" /></property><property name="Interval between tournaments(days)" type="1" value="0" istournament="1" /><property name="Duration between registration end and tournament start(min)" type="1" value="1" istournament="1" /><property name="Interval between levels(min)" type="1" value="10" istournament="1" /><property name="Interval between breaks(min)" type="1" value="60" istournament="1" /><property name="Break duration(min)" type="1" value="5" istournament="1" /><property name="Time out for kick off (min)" type="1" value="10" istournament="1" /><property name="Type of tournament" type="5" value="1" istournament="1"><item id="1" value="Regular" /><item id="2" value="Satelitte" /><item id="3" value="Restricted" /></property><property name="Master tournamentID(for satelitte only)" type="1" value="0" istournament="1" /><property name="Password (for restricted only)" type="4" value="" istournament="1" /><property name="BuyIn" type="3" value="20" istournament="1" /><property name="Fee" type="3" value="2" istournament="1" /><property name="Rebuy is allowed" type="6" value="false" istournament="1" /><property name="Add-On is allowed" type="6" value="false" istournament="1" /><property name="Maximum count of rebuy (0 - not limited)" type="1" value="3" istournament="1" /><property name="Amount of chips for participant" type="3" value="1000" istournament="1" /><property name="Currency type" type="5" value="1" istournament="1"><item id="1" value="Play Money" /><item id="2" value="Dollars" /><item id="3" value="Bonus" /></property><property name="Poker Type" type="5" value="1"><item id="1" value="Hold'em" /><item id="2" value="Omaha" /><item id="3" value="Omaha Hi\Lo" /><item id="4" value="7 Stud" /><item id="5" value="7 Stud Hi\Lo" /></property><property name="Tournament Type" type="5" value="2"><item id="0" value="No Tournament" /><item id="1" value="Single Table" /><item id="2" value="Multi Table" /></property><property name="Maximum Chairs Count" type="1" value="8" /><property name="Minimum Gamers To Start Hand" type="1" value="2" /><property name="Type of Stakes" type="5" value="3"><item id="1" value="Fixed Limit" /><item id="2" value="Pot Limit" /><item id="3" value="No Limit" /></property><property name="Name statistic of &quot;Stakes&quot;" type="4" value="Play" /><property name="Lower Limit Of The Stakes" type="2" value="2" /><property name="Use Gamer Amount Constraint (Pot/No Limit)" type="2" value="true" /><property name="Minimum Gamer Amount" type="2" value="10" /><property name="Maximum Gamer Amount" type="2" value="1000" /><property name="Default Gamer Amount" type="2" value="100" /><property name="Use All-Ins" type="6" value="true" /><property name="Buy-In (single table tournament only)" type="2" value="5" /><property name="Fee (single table tournament only)" type="2" value="1" /><property name="Chips (single table tournament only)" type="1" value="800" /><property name="Use Base Prizes (single table tournament only)" type="6" value="true" /><property name="Type of Base Prizes Payment (single table tournament only)" type="5" value="0"><item id="0" value="Percent" /><item id="1" value="Fixed Value" /></property><property name="1st Place of Base Prize (single table tournament only)" type="2" value="50" /><property name="2nd Place of Base Prize (single table tournament only)" type="2" value="30" /><property name="3rd Place of Base Prize (single table tournament only)" type="2" value="20" /><property name="Use Bonus Prizes (single table tournament only)" type="6" value="false" /><property name="Type of Bonus Prizes Payment (single table tournament only)" type="5" value="0"><item id="0" value="Percent" /><item id="1" value="Fixed Value" /></property><property name="1st Place of Bonus Prize (single table tournament only)" type="2" value="50" /><property name="2nd Place of Bonus Prize (single table tournament only)" type="2" value="30" /><property name="3rd Place of Bonus Prize (single table tournament only)" type="2" value="20" /></properties></setdefprop></object></objects>
Resp|12/13/2005 9:20:18 PM|PokerAdmin.log|DesktopAPIEngine.ApiControl|ReceiveMSMQ|<setdefprop result="0" id="104"/>
Call|12/13/2005 9:20:58 PM|PokerAdmin.log|DesktopAPIEngine.ApiControl|GetDefaultProperty|Get default property : 0
Call|12/13/2005 9:20:58 PM|PokerAdmin.log|DesktopBaseClasses.BaseMSMQ||<objects><object name="gameadapter"><getdefprop objtype="0" enginetype="1" guid="91555cf5-d8ae-4a87-a53a-0c9d5d4bec21"></getdefprop></object></objects>
Rqst|12/13/2005 9:20:58 PM|PokerAdmin.log|DesktopAPIEngine.ApiControl|SendMSMQ|<objects><object name="gameadapter"><getdefprop objtype="0" enginetype="1" guid="91555cf5-d8ae-4a87-a53a-0c9d5d4bec21"></getdefprop></object></objects>
Resp|12/13/2005 9:20:58 PM|PokerAdmin.log|DesktopAPIEngine.ApiControl|ReceiveMSMQ|<gameengine><properties><property name="Poker Type" type="5" value="1"><item id="1" value="Hold'em"/><item id="2" value="Omaha"/><item id="3" value="Omaha Hi\Lo"/><item id="4" value="7 Stud"/><item id="5" value="7 Stud Hi\Lo"/></property><property name="Tournament Type" type="5" value="0"><item id="0" value="No Tournament"/><item id="1" value="Single Table"/><item id="2" value="Multi Table"/></property><property name="Maximum Chairs Count" type="1" value="8"/><property name="Minimum Gamers To Start Hand" type="1" value="2"/><property name="Type of Stakes" type="5" value="1"><item id="1" value="Fixed Limit"/><item id="2" value="Pot Limit"/><item id="3" value="No Limit"/></property><property name="Name statistic of &quot;Stakes&quot;" type="4" value="Play"/><property name="Lower Limit Of The Stakes" type="2" value="2"/><property name="Use Gamer Amount Constraint (Pot/No Limit)" type="2" value="true"/><property name="Minimum Gamer Amount" type="2" value="10"/><property name="Maximum Gamer Amount" type="2" value="1000"/><property name="Default Gamer Amount" type="2" value="100"/><property name="Use All-Ins" type="6" value="true"/><property name="Buy-In (single table tournament only)" type="2" value="5"/><property name="Fee (single table tournament only)" type="2" value="1"/><property name="Chips (single table tournament only)" type="1" value="800"/><property name="Use Base Prizes (single table tournament only)" type="6" value="true"/><property name="Type of Base Prizes Payment (single table tournament only)" type="5" value="0"><item id="0" value="Percent"/><item id="1" value="Fixed Value"/></property><property name="1st Place of Base Prize (single table tournament only)" type="2" value="50"/><property name="2nd Place of Base Prize (single table tournament only)" type="2" value="30"/><property name="3rd Place of Base Prize (single table tournament only)" type="2" value="20"/><property name="Use Bonus Prizes (single table tournament only)" type="6" value="false"/><property name="Type of Bonus Prizes Payment (single table tournament only)" type="5" value="1"><item id="0" value="Percent"/><item id="1" value="Fixed Value"/></property><property name="1st Place of Bonus Prize (single table tournament only)" type="2" value="50"/><property name="2nd Place of Bonus Prize (single table tournament only)" type="2" value="30"/><property name="3rd Place of Bonus Prize (single table tournament only)" type="2" value="20"/></properties></gameengine>
Call|12/13/2005 9:21:10 PM|PokerAdmin.log|DesktopAPIEngine.ApiControl|GetDefaultProperty|Get default property : 0
Call|12/13/2005 9:21:10 PM|PokerAdmin.log|DesktopBaseClasses.BaseMSMQ||<objects><object name="gameadapter"><getdefprop objtype="0" enginetype="3" guid="76130b73-69b7-4e72-bb26-161381004bb0"></getdefprop></object></objects>
Rqst|12/13/2005 9:21:10 PM|PokerAdmin.log|DesktopAPIEngine.ApiControl|SendMSMQ|<objects><object name="gameadapter"><getdefprop objtype="0" enginetype="3" guid="76130b73-69b7-4e72-bb26-161381004bb0"></getdefprop></object></objects>
Resp|12/13/2005 9:21:11 PM|PokerAdmin.log|DesktopAPIEngine.ApiControl|ReceiveMSMQ|<gameengine><properties><property name="Poker Type" type="5" value="1"><item id="1" value="Hold'em"/><item id="2" value="Omaha"/><item id="3" value="Omaha Hi\Lo"/><item id="4" value="7 Stud"/><item id="5" value="7 Stud Hi\Lo"/></property><property name="Tournament Type" type="5" value="0"><item id="0" value="No Tournament"/><item id="1" value="Single Table"/><item id="2" value="Multi Table"/></property><property name="Maximum Chairs Count" type="1" value="8"/><property name="Minimum Gamers To Start Hand" type="1" value="2"/><property name="Type of Stakes" type="5" value="1"><item id="1" value="Fixed Limit"/><item id="2" value="Pot Limit"/><item id="3" value="No Limit"/></property><property name="Name statistic of &quot;Stakes&quot;" type="4" value="Play"/><property name="Lower Limit Of The Stakes" type="2" value="2"/><property name="Use Gamer Amount Constraint (Pot/No Limit)" type="2" value="true"/><property name="Minimum Gamer Amount" type="2" value="10"/><property name="Maximum Gamer Amount" type="2" value="1000"/><property name="Default Gamer Amount" type="2" value="100"/><property name="Use All-Ins" type="6" value="true"/><property name="Buy-In (single table tournament only)" type="2" value="5"/><property name="Fee (single table tournament only)" type="2" value="1"/><property name="Chips (single table tournament only)" type="1" value="800"/><property name="Use Base Prizes (single table tournament only)" type="6" value="true"/><property name="Type of Base Prizes Payment (single table tournament only)" type="5" value="0"><item id="0" value="Percent"/><item id="1" value="Fixed Value"/></property><property name="1st Place of Base Prize (single table tournament only)" type="2" value="50"/><property name="2nd Place of Base Prize (single table tournament only)" type="2" value="30"/><property name="3rd Place of Base Prize (single table tournament only)" type="2" value="20"/><property name="Use Bonus Prizes (single table tournament only)" type="6" value="false"/><property name="Type of Bonus Prizes Payment (single table tournament only)" type="5" value="1"><item id="0" value="Percent"/><item id="1" value="Fixed Value"/></property><property name="1st Place of Bonus Prize (single table tournament only)" type="2" value="50"/><property name="2nd Place of Bonus Prize (single table tournament only)" type="2" value="30"/><property name="3rd Place of Bonus Prize (single table tournament only)" type="2" value="20"/></properties></gameengine>
Call|12/13/2005 9:21:11 PM|PokerAdmin.log|DesktopAPIEngine.ApiControl|InitGameProcess|Init Game Process : 0; ProcessID=4244
Call|12/13/2005 9:21:11 PM|PokerAdmin.log|DesktopBaseClasses.BaseMSMQ||<objects><object name="gameadapter" id="4244"><setdefprop objtype="0" enginetype="3" processid="4244" guid="00ebab9a-611a-443c-9b1f-e86f289c46a9" actiondispatcherid="1"> <gameengine><properties><property name="Poker Type" type="5" value="1"><item id="1" value="Hold'em" /><item id="2" value="Omaha" /><item id="3" value="Omaha Hi\Lo" /><item id="4" value="7 Stud" /><item id="5" value="7 Stud Hi\Lo" /></property><property name="Tournament Type" type="5" value="0"><item id="0" value="No Tournament" /><item id="1" value="Single Table" /><item id="2" value="Multi Table" /></property><property name="Maximum Chairs Count" type="1" value="8" /><property name="Minimum Gamers To Start Hand" type="1" value="2" /><property name="Type of Stakes" type="5" value="1"><item id="1" value="Fixed Limit" /><item id="2" value="Pot Limit" /><item id="3" value="No Limit" /></property><property name="Name statistic of &quot;Stakes&quot;" type="4" value="Play" /><property name="Lower Limit Of The Stakes" type="2" value="2" /><property name="Use Gamer Amount Constraint (Pot/No Limit)" type="2" value="true" /><property name="Minimum Gamer Amount" type="2" value="10" /><property name="Maximum Gamer Amount" type="2" value="1000" /><property name="Default Gamer Amount" type="2" value="100" /><property name="Use All-Ins" type="6" value="true" /><property name="Buy-In (single table tournament only)" type="2" value="5" /><property name="Fee (single table tournament only)" type="2" value="1" /><property name="Chips (single table tournament only)" type="1" value="800" /><property name="Use Base Prizes (single table tournament only)" type="6" value="true" /><property name="Type of Base Prizes Payment (single table tournament only)" type="5" value="0"><item id="0" value="Percent" /><item id="1" value="Fixed Value" /></property><property name="1st Place of Base Prize (single table tournament only)" type="2" value="50" /><property name="2nd Place of Base Prize (single table tournament only)" type="2" value="30" /><property name="3rd Place of Base Prize (single table tournament only)" type="2" value="20" /><property name="Use Bonus Prizes (single table tournament only)" type="6" value="false" /><property name="Type of Bonus Prizes Payment (single table tournament only)" type="5" value="0"><item id="0" value="Percent" /><item id="1" value="Fixed Value" /></property><property name="1st Place of Bonus Prize (single table tournament only)" type="2" value="50" /><property name="2nd Place of Bonus Prize (single table tournament only)" type="2" value="30" /><property name="3rd Place of Bonus Prize (single table tournament only)" type="2" value="20" /></properties></gameengine></setdefprop></object></objects>
Rqst|12/13/2005 9:21:11 PM|PokerAdmin.log|DesktopAPIEngine.ApiControl|SendMSMQ|<objects><object name="gameadapter" id="4244"><setdefprop objtype="0" enginetype="3" processid="4244" guid="00ebab9a-611a-443c-9b1f-e86f289c46a9" actiondispatcherid="1"> <gameengine><properties><property name="Poker Type" type="5" value="1"><item id="1" value="Hold'em" /><item id="2" value="Omaha" /><item id="3" value="Omaha Hi\Lo" /><item id="4" value="7 Stud" /><item id="5" value="7 Stud Hi\Lo" /></property><property name="Tournament Type" type="5" value="0"><item id="0" value="No Tournament" /><item id="1" value="Single Table" /><item id="2" value="Multi Table" /></property><property name="Maximum Chairs Count" type="1" value="8" /><property name="Minimum Gamers To Start Hand" type="1" value="2" /><property name="Type of Stakes" type="5" value="1"><item id="1" value="Fixed Limit" /><item id="2" value="Pot Limit" /><item id="3" value="No Limit" /></property><property name="Name statistic of &quot;Stakes&quot;" type="4" value="Play" /><property name="Lower Limit Of The Stakes" type="2" value="2" /><property name="Use Gamer Amount Constraint (Pot/No Limit)" type="2" value="true" /><property name="Minimum Gamer Amount" type="2" value="10" /><property name="Maximum Gamer Amount" type="2" value="1000" /><property name="Default Gamer Amount" type="2" value="100" /><property name="Use All-Ins" type="6" value="true" /><property name="Buy-In (single table tournament only)" type="2" value="5" /><property name="Fee (single table tournament only)" type="2" value="1" /><property name="Chips (single table tournament only)" type="1" value="800" /><property name="Use Base Prizes (single table tournament only)" type="6" value="true" /><property name="Type of Base Prizes Payment (single table tournament only)" type="5" value="0"><item id="0" value="Percent" /><item id="1" value="Fixed Value" /></property><property name="1st Place of Base Prize (single table tournament only)" type="2" value="50" /><property name="2nd Place of Base Prize (single table tournament only)" type="2" value="30" /><property name="3rd Place of Base Prize (single table tournament only)" type="2" value="20" /><property name="Use Bonus Prizes (single table tournament only)" type="6" value="false" /><property name="Type of Bonus Prizes Payment (single table tournament only)" type="5" value="0"><item id="0" value="Percent" /><item id="1" value="Fixed Value" /></property><property name="1st Place of Bonus Prize (single table tournament only)" type="2" value="50" /><property name="2nd Place of Bonus Prize (single table tournament only)" type="2" value="30" /><property name="3rd Place of Bonus Prize (single table tournament only)" type="2" value="20" /></properties></gameengine></setdefprop></object></objects>
Resp|12/13/2005 9:21:12 PM|PokerAdmin.log|DesktopAPIEngine.ApiControl|ReceiveMSMQ|<setdefprop result="0" id="4244"/>
Call|12/13/2005 9:21:34 PM|PokerAdmin.log|DesktopAPIEngine.ApiControl|GetDefaultProperty|Get default property : 0
Call|12/13/2005 9:21:34 PM|PokerAdmin.log|DesktopBaseClasses.BaseMSMQ||<objects><object name="gameadapter"><getdefprop objtype="0" enginetype="1" guid="0b913ba3-fc38-44c8-b12e-eedbcf65311b"></getdefprop></object></objects>
Rqst|12/13/2005 9:21:34 PM|PokerAdmin.log|DesktopAPIEngine.ApiControl|SendMSMQ|<objects><object name="gameadapter"><getdefprop objtype="0" enginetype="1" guid="0b913ba3-fc38-44c8-b12e-eedbcf65311b"></getdefprop></object></objects>
Resp|12/13/2005 9:21:35 PM|PokerAdmin.log|DesktopAPIEngine.ApiControl|ReceiveMSMQ|<gameengine><properties><property name="Poker Type" type="5" value="1"><item id="1" value="Hold'em"/><item id="2" value="Omaha"/><item id="3" value="Omaha Hi\Lo"/><item id="4" value="7 Stud"/><item id="5" value="7 Stud Hi\Lo"/></property><property name="Tournament Type" type="5" value="0"><item id="0" value="No Tournament"/><item id="1" value="Single Table"/><item id="2" value="Multi Table"/></property><property name="Maximum Chairs Count" type="1" value="8"/><property name="Minimum Gamers To Start Hand" type="1" value="2"/><property name="Type of Stakes" type="5" value="1"><item id="1" value="Fixed Limit"/><item id="2" value="Pot Limit"/><item id="3" value="No Limit"/></property><property name="Name statistic of &quot;Stakes&quot;" type="4" value="Play"/><property name="Lower Limit Of The Stakes" type="2" value="2"/><property name="Use Gamer Amount Constraint (Pot/No Limit)" type="2" value="true"/><property name="Minimum Gamer Amount" type="2" value="10"/><property name="Maximum Gamer Amount" type="2" value="1000"/><property name="Default Gamer Amount" type="2" value="100"/><property name="Use All-Ins" type="6" value="true"/><property name="Buy-In (single table tournament only)" type="2" value="5"/><property name="Fee (single table tournament only)" type="2" value="1"/><property name="Chips (single table tournament only)" type="1" value="800"/><property name="Use Base Prizes (single table tournament only)" type="6" value="true"/><property name="Type of Base Prizes Payment (single table tournament only)" type="5" value="0"><item id="0" value="Percent"/><item id="1" value="Fixed Value"/></property><property name="1st Place of Base Prize (single table tournament only)" type="2" value="50"/><property name="2nd Place of Base Prize (single table tournament only)" type="2" value="30"/><property name="3rd Place of Base Prize (single table tournament only)" type="2" value="20"/><property name="Use Bonus Prizes (single table tournament only)" type="6" value="false"/><property name="Type of Bonus Prizes Payment (single table tournament only)" type="5" value="1"><item id="0" value="Percent"/><item id="1" value="Fixed Value"/></property><property name="1st Place of Bonus Prize (single table tournament only)" type="2" value="50"/><property name="2nd Place of Bonus Prize (single table tournament only)" type="2" value="30"/><property name="3rd Place of Bonus Prize (single table tournament only)" type="2" value="20"/></properties></gameengine>
Call|12/13/2005 9:21:43 PM|PokerAdmin.log|DesktopAPIEngine.ApiControl|GetDefaultProperty|Get default property : 0
Call|12/13/2005 9:21:43 PM|PokerAdmin.log|DesktopBaseClasses.BaseMSMQ||<objects><object name="gameadapter"><getdefprop objtype="0" enginetype="3" guid="61513eec-0290-4718-ab85-354484423462"></getdefprop></object></objects>
Rqst|12/13/2005 9:21:43 PM|PokerAdmin.log|DesktopAPIEngine.ApiControl|SendMSMQ|<objects><object name="gameadapter"><getdefprop objtype="0" enginetype="3" guid="61513eec-0290-4718-ab85-354484423462"></getdefprop></object></objects>
Resp|12/13/2005 9:21:43 PM|PokerAdmin.log|DesktopAPIEngine.ApiControl|ReceiveMSMQ|<gameengine><properties><property name="Poker Type" type="5" value="1"><item id="1" value="Hold'em"/><item id="2" value="Omaha"/><item id="3" value="Omaha Hi\Lo"/><item id="4" value="7 Stud"/><item id="5" value="7 Stud Hi\Lo"/></property><property name="Tournament Type" type="5" value="0"><item id="0" value="No Tournament"/><item id="1" value="Single Table"/><item id="2" value="Multi Table"/></property><property name="Maximum Chairs Count" type="1" value="8"/><property name="Minimum Gamers To Start Hand" type="1" value="2"/><property name="Type of Stakes" type="5" value="1"><item id="1" value="Fixed Limit"/><item id="2" value="Pot Limit"/><item id="3" value="No Limit"/></property><property name="Name statistic of &quot;Stakes&quot;" type="4" value="Play"/><property name="Lower Limit Of The Stakes" type="2" value="2"/><property name="Use Gamer Amount Constraint (Pot/No Limit)" type="2" value="true"/><property name="Minimum Gamer Amount" type="2" value="10"/><property name="Maximum Gamer Amount" type="2" value="1000"/><property name="Default Gamer Amount" type="2" value="100"/><property name="Use All-Ins" type="6" value="true"/><property name="Buy-In (single table tournament only)" type="2" value="5"/><property name="Fee (single table tournament only)" type="2" value="1"/><property name="Chips (single table tournament only)" type="1" value="800"/><property name="Use Base Prizes (single table tournament only)" type="6" value="true"/><property name="Type of Base Prizes Payment (single table tournament only)" type="5" value="0"><item id="0" value="Percent"/><item id="1" value="Fixed Value"/></property><property name="1st Place of Base Prize (single table tournament only)" type="2" value="50"/><property name="2nd Place of Base Prize (single table tournament only)" type="2" value="30"/><property name="3rd Place of Base Prize (single table tournament only)" type="2" value="20"/><property name="Use Bonus Prizes (single table tournament only)" type="6" value="false"/><property name="Type of Bonus Prizes Payment (single table tournament only)" type="5" value="1"><item id="0" value="Percent"/><item id="1" value="Fixed Value"/></property><property name="1st Place of Bonus Prize (single table tournament only)" type="2" value="50"/><property name="2nd Place of Bonus Prize (single table tournament only)" type="2" value="30"/><property name="3rd Place of Bonus Prize (single table tournament only)" type="2" value="20"/></properties></gameengine>
Call|12/13/2005 9:21:43 PM|PokerAdmin.log|DesktopAPIEngine.ApiControl|InitGameProcess|Init Game Process : 0; ProcessID=4245
Call|12/13/2005 9:21:43 PM|PokerAdmin.log|DesktopBaseClasses.BaseMSMQ||<objects><object name="gameadapter" id="4245"><setdefprop objtype="0" enginetype="3" processid="4245" guid="9078e2d2-3011-4a83-84f6-c11dc75a9715" actiondispatcherid="1"> <gameengine><properties><property name="Poker Type" type="5" value="1"><item id="1" value="Hold'em" /><item id="2" value="Omaha" /><item id="3" value="Omaha Hi\Lo" /><item id="4" value="7 Stud" /><item id="5" value="7 Stud Hi\Lo" /></property><property name="Tournament Type" type="5" value="0"><item id="0" value="No Tournament" /><item id="1" value="Single Table" /><item id="2" value="Multi Table" /></property><property name="Maximum Chairs Count" type="1" value="8" /><property name="Minimum Gamers To Start Hand" type="1" value="2" /><property name="Type of Stakes" type="5" value="2"><item id="1" value="Fixed Limit" /><item id="2" value="Pot Limit" /><item id="3" value="No Limit" /></property><property name="Name statistic of &quot;Stakes&quot;" type="4" value="Play" /><property name="Lower Limit Of The Stakes" type="2" value="2" /><property name="Use Gamer Amount Constraint (Pot/No Limit)" type="2" value="true" /><property name="Minimum Gamer Amount" type="2" value="10" /><property name="Maximum Gamer Amount" type="2" value="1000" /><property name="Default Gamer Amount" type="2" value="100" /><property name="Use All-Ins" type="6" value="true" /><property name="Buy-In (single table tournament only)" type="2" value="5" /><property name="Fee (single table tournament only)" type="2" value="1" /><property name="Chips (single table tournament only)" type="1" value="800" /><property name="Use Base Prizes (single table tournament only)" type="6" value="true" /><property name="Type of Base Prizes Payment (single table tournament only)" type="5" value="0"><item id="0" value="Percent" /><item id="1" value="Fixed Value" /></property><property name="1st Place of Base Prize (single table tournament only)" type="2" value="50" /><property name="2nd Place of Base Prize (single table tournament only)" type="2" value="30" /><property name="3rd Place of Base Prize (single table tournament only)" type="2" value="20" /><property name="Use Bonus Prizes (single table tournament only)" type="6" value="false" /><property name="Type of Bonus Prizes Payment (single table tournament only)" type="5" value="0"><item id="0" value="Percent" /><item id="1" value="Fixed Value" /></property><property name="1st Place of Bonus Prize (single table tournament only)" type="2" value="50" /><property name="2nd Place of Bonus Prize (single table tournament only)" type="2" value="30" /><property name="3rd Place of Bonus Prize (single table tournament only)" type="2" value="20" /></properties></gameengine></setdefprop></object></objects>
Rqst|12/13/2005 9:21:43 PM|PokerAdmin.log|DesktopAPIEngine.ApiControl|SendMSMQ|<objects><object name="gameadapter" id="4245"><setdefprop objtype="0" enginetype="3" processid="4245" guid="9078e2d2-3011-4a83-84f6-c11dc75a9715" actiondispatcherid="1"> <gameengine><properties><property name="Poker Type" type="5" value="1"><item id="1" value="Hold'em" /><item id="2" value="Omaha" /><item id="3" value="Omaha Hi\Lo" /><item id="4" value="7 Stud" /><item id="5" value="7 Stud Hi\Lo" /></property><property name="Tournament Type" type="5" value="0"><item id="0" value="No Tournament" /><item id="1" value="Single Table" /><item id="2" value="Multi Table" /></property><property name="Maximum Chairs Count" type="1" value="8" /><property name="Minimum Gamers To Start Hand" type="1" value="2" /><property name="Type of Stakes" type="5" value="2"><item id="1" value="Fixed Limit" /><item id="2" value="Pot Limit" /><item id="3" value="No Limit" /></property><property name="Name statistic of &quot;Stakes&quot;" type="4" value="Play" /><property name="Lower Limit Of The Stakes" type="2" value="2" /><property name="Use Gamer Amount Constraint (Pot/No Limit)" type="2" value="true" /><property name="Minimum Gamer Amount" type="2" value="10" /><property name="Maximum Gamer Amount" type="2" value="1000" /><property name="Default Gamer Amount" type="2" value="100" /><property name="Use All-Ins" type="6" value="true" /><property name="Buy-In (single table tournament only)" type="2" value="5" /><property name="Fee (single table tournament only)" type="2" value="1" /><property name="Chips (single table tournament only)" type="1" value="800" /><property name="Use Base Prizes (single table tournament only)" type="6" value="true" /><property name="Type of Base Prizes Payment (single table tournament only)" type="5" value="0"><item id="0" value="Percent" /><item id="1" value="Fixed Value" /></property><property name="1st Place of Base Prize (single table tournament only)" type="2" value="50" /><property name="2nd Place of Base Prize (single table tournament only)" type="2" value="30" /><property name="3rd Place of Base Prize (single table tournament only)" type="2" value="20" /><property name="Use Bonus Prizes (single table tournament only)" type="6" value="false" /><property name="Type of Bonus Prizes Payment (single table tournament only)" type="5" value="0"><item id="0" value="Percent" /><item id="1" value="Fixed Value" /></property><property name="1st Place of Bonus Prize (single table tournament only)" type="2" value="50" /><property name="2nd Place of Bonus Prize (single table tournament only)" type="2" value="30" /><property name="3rd Place of Bonus Prize (single table tournament only)" type="2" value="20" /></properties></gameengine></setdefprop></object></objects>
Resp|12/13/2005 9:21:44 PM|PokerAdmin.log|DesktopAPIEngine.ApiControl|ReceiveMSMQ|<setdefprop result="0" id="4245"/>
